                   payments GET    /payments(.:format)                                 payments#index
                            POST   /payments(.:format)                                 payments#create
                new_payment GET    /payments/new(.:format)                             payments#new
               edit_payment GET    /payments/:id/edit(.:format)                        payments#edit
                    payment GET    /payments/:id(.:format)                             payments#show
                            PUT    /payments/:id(.:format)                             payments#update
                            DELETE /payments/:id(.:format)                             payments#destroy
      appraisal_data_create GET    /appraisal_data/create(.:format)                    appraisal_data#create
                   facebook        /facebook(.:format)                                 users#facebook_login
            admin_dashboard GET    /admin/dashboard(.:format)                          users/admin/dashboard#show
 admin_dashboard_appraisers GET    /admin/dashboard/appraisers(.:format)               users/admin/dashboard#appraisers_index
    admin_dashboard_invites GET    /admin/dashboard/invites(.:format)                  users/admin/dashboard#appraisers_invite_index
           new_user_session GET    /users/sign_in(.:format)                            devise/sessions#new
               user_session POST   /users/sign_in(.:format)                            devise/sessions#create
       destroy_user_session DELETE /users/sign_out(.:format)                           devise/sessions#destroy
              user_password POST   /users/password(.:format)                           devise/passwords#create
          new_user_password GET    /users/password/new(.:format)                       devise/passwords#new
         edit_user_password GET    /users/password/edit(.:format)                      devise/passwords#edit
                            PUT    /users/password(.:format)                           devise/passwords#update
   cancel_user_registration GET    /users/cancel(.:format)                             registrations#cancel
          user_registration POST   /users(.:format)                                    registrations#create
      new_user_registration GET    /users/sign_up(.:format)                            registrations#new
     edit_user_registration GET    /users/edit(.:format)                               registrations#edit
                            PUT    /users(.:format)                                    registrations#update
                            DELETE /users(.:format)                                    registrations#destroy
         user_new_appraiser GET    /user/new_appraiser(.:format)                       registrations#new_appraiser
                     photos GET    /photos(.:format)                                   photos#index
                            POST   /photos(.:format)                                   photos#create
                  new_photo GET    /photos/new(.:format)                               photos#new
                 edit_photo GET    /photos/:id/edit(.:format)                          photos#edit
                      photo GET    /photos/:id(.:format)                               photos#show
                            PUT    /photos/:id(.:format)                               photos#update
                            DELETE /photos/:id(.:format)                               photos#destroy
           appraisal_photos GET    /appraisals/:appraisal_id/photos(.:format)          photos#index
                            POST   /appraisals/:appraisal_id/photos(.:format)          photos#create
        new_appraisal_photo GET    /appraisals/:appraisal_id/photos/new(.:format)      photos#new
       edit_appraisal_photo GET    /appraisals/:appraisal_id/photos/:id/edit(.:format) photos#edit
            appraisal_photo GET    /appraisals/:appraisal_id/photos/:id(.:format)      photos#show
                            PUT    /appraisals/:appraisal_id/photos/:id(.:format)      photos#update
                            DELETE /appraisals/:appraisal_id/photos/:id(.:format)      photos#destroy
            reply_appraisal GET    /appraisals/:id/reply(.:format)                     appraisals#reply
            claim_appraisal GET    /appraisals/:id/claim(.:format)                     appraisals#claim
                 appraisals GET    /appraisals(.:format)                               appraisals#index
                            POST   /appraisals(.:format)                               appraisals#create
              new_appraisal GET    /appraisals/new(.:format)                           appraisals#new
             edit_appraisal GET    /appraisals/:id/edit(.:format)                      appraisals#edit
                  appraisal GET    /appraisals/:id(.:format)                           appraisals#show
                            PUT    /appraisals/:id(.:format)                           appraisals#update
                            DELETE /appraisals/:id(.:format)                           appraisals#destroy
    appraiser_access_tokens GET    /appraiser_access_tokens(.:format)                  appraiser_access_tokens#index
                            POST   /appraiser_access_tokens(.:format)                  appraiser_access_tokens#create
 new_appraiser_access_token GET    /appraiser_access_tokens/new(.:format)              appraiser_access_tokens#new
edit_appraiser_access_token GET    /appraiser_access_tokens/:id/edit(.:format)         appraiser_access_tokens#edit
     appraiser_access_token GET    /appraiser_access_tokens/:id(.:format)              appraiser_access_tokens#show
                            PUT    /appraiser_access_tokens/:id(.:format)              appraiser_access_tokens#update
                            DELETE /appraiser_access_tokens/:id(.:format)              appraiser_access_tokens#destroy
           appraiser_skills GET    /appraiser/skills(.:format)                         skills#index
                            POST   /appraiser/skills(.:format)                         skills#create
        new_appraiser_skill GET    /appraiser/skills/new(.:format)                     skills#new
       edit_appraiser_skill GET    /appraiser/skills/:id/edit(.:format)                skills#edit
            appraiser_skill GET    /appraiser/skills/:id(.:format)                     skills#show
                            PUT    /appraiser/skills/:id(.:format)                     skills#update
                            DELETE /appraiser/skills/:id(.:format)                     skills#destroy
           appraiser_photos GET    /appraiser/photos(.:format)                         photos#index
                            POST   /appraiser/photos(.:format)                         photos#create
        new_appraiser_photo GET    /appraiser/photos/new(.:format)                     photos#new
       edit_appraiser_photo GET    /appraiser/photos/:id/edit(.:format)                photos#edit
            appraiser_photo GET    /appraiser/photos/:id(.:format)                     photos#show
                            PUT    /appraiser/photos/:id(.:format)                     photos#update
                            DELETE /appraiser/photos/:id(.:format)                     photos#destroy
                  appraiser POST   /appraiser(.:format)                                appraiser#create
              new_appraiser GET    /appraiser/new(.:format)                            appraiser#new
             edit_appraiser GET    /appraiser/edit(.:format)                           appraiser#edit
                            GET    /appraiser(.:format)                                appraiser#show
                            PUT    /appraiser(.:format)                                appraiser#update
                            DELETE /appraiser(.:format)                                appraiser#destroy
                     skills GET    /skills(.:format)                                   skills#index
                            POST   /skills(.:format)                                   skills#create
                  new_skill GET    /skills/new(.:format)                               skills#new
                 edit_skill GET    /skills/:id/edit(.:format)                          skills#edit
                      skill GET    /skills/:id(.:format)                               skills#show
                            PUT    /skills/:id(.:format)                               skills#update
                            DELETE /skills/:id(.:format)                               skills#destroy
                      users GET    /users(.:format)                                    users#index
                            POST   /users(.:format)                                    users#create
                   new_user GET    /users/new(.:format)                                users#new
                  edit_user GET    /users/:id/edit(.:format)                           users#edit
                       user GET    /users/:id(.:format)                                users#show
                            PUT    /users/:id(.:format)                                users#update
                            DELETE /users/:id(.:format)                                users#destroy
                       root        /                                                   home#index
                    contact GET    /contact(.:format)                                  contact#new
                    contact POST   /contact(.:format)                                  contact#create
                        how GET    /home/how(.:format)                                 home#how
                     become GET    /home/become(.:format)                              home#become
                    privacy GET    /home/privacy(.:format)                             home#privacy
                      terms GET    /home/terms(.:format)                               home#terms
                 categories GET    /home/categories(.:format)                          home#categories
                 exclusions GET    /home/exclusions(.:format)                          home#exclusions
              photos_create GET    /photos/create(.:format)                            photos#create
                            POST   /photos/create(.:format)                            photos#create
                                   /:controller(/:action(/:id))(.:format)              :controller#:action
